<?xml version="1.0" encoding="utf-8"?><testsuites name="pytest tests"><testsuite name="pytest" errors="0" failures="0" skipped="0" tests="28" time="4.764" timestamp="2026-02-19T23:55:28.581413+00:00" hostname="agent-env-80a7cbe4-2250-4ae8-bebb-f5bd8616e1ff"><testcase classname="backend.tests.test_admin_dashboard.TestAdminStats" name="test_admin_stats_requires_admin_role" time="0.588" /><testcase classname="backend.tests.test_admin_dashboard.TestAdminStats" name="test_admin_stats_works_for_admin" time="0.074" /><testcase classname="backend.tests.test_admin_dashboard.TestAdminUsers" name="test_admin_users_requires_admin_role" time="0.062" /><testcase classname="backend.tests.test_admin_dashboard.TestAdminUsers" name="test_admin_users_works_for_admin" time="0.069" /><testcase classname="backend.tests.test_admin_dashboard.TestAdminTalents" name="test_admin_talents_requires_admin_role" time="0.072" /><testcase classname="backend.tests.test_admin_dashboard.TestAdminTalents" name="test_admin_talents_works_for_admin" time="0.057" /><testcase classname="backend.tests.test_admin_dashboard.TestProjectAssignment" name="test_create_project_for_assignment" time="0.058" /><testcase classname="backend.tests.test_admin_dashboard.TestProjectAssignment" name="test_assign_talent_requires_admin_role" time="0.082" /><testcase classname="backend.tests.test_admin_dashboard.TestProjectAssignment" name="test_assign_talent_to_project" time="0.074" /><testcase classname="backend.tests.test_admin_dashboard.TestProjectAssignment" name="test_verify_talent_assignment_persisted" time="0.066" /><testcase classname="backend.tests.test_admin_dashboard.TestProjectAssignment" name="test_unassign_talent_from_project" time="0.084" /><testcase classname="backend.tests.test_admin_dashboard.TestProjectAssignment" name="test_assign_invalid_talent_fails" time="0.062" /><testcase classname="backend.tests.test_admin_dashboard.TestProjectAssignment" name="test_assign_non_talent_user_fails" time="0.061" /><testcase classname="backend.tests.test_admin_dashboard.TestProjectsList" name="test_admin_can_see_all_projects" time="0.106" /><testcase classname="backend.tests.test_admin_dashboard.TestHealthCheck" name="test_health_check" time="0.595" /><testcase classname="backend.tests.test_integrations.TestHealthEndpoint" name="test_health_check" time="0.161" /><testcase classname="backend.tests.test_integrations.TestAuthEndpoints" name="test_auth_me_without_token" time="0.070" /><testcase classname="backend.tests.test_integrations.TestAuthEndpoints" name="test_auth_me_with_valid_token" time="0.432" /><testcase classname="backend.tests.test_integrations.TestCloudinaryIntegration" name="test_cloudinary_signature_requires_auth" time="0.073" /><testcase classname="backend.tests.test_integrations.TestCloudinaryIntegration" name="test_cloudinary_signature_image" time="0.060" /><testcase classname="backend.tests.test_integrations.TestCloudinaryIntegration" name="test_cloudinary_signature_video" time="0.061" /><testcase classname="backend.tests.test_integrations.TestCloudinaryIntegration" name="test_cloudinary_signature_folder_prefix" time="0.064" /><testcase classname="backend.tests.test_integrations.TestProjectCreation" name="test_project_creation" time="0.057" /><testcase classname="backend.tests.test_integrations.TestProjectCreation" name="test_get_projects" time="0.058" /><testcase classname="backend.tests.test_integrations.TestPaymentEndpoints" name="test_payment_create_order_requires_auth" time="0.059" /><testcase classname="backend.tests.test_integrations.TestPaymentEndpoints" name="test_payment_create_order_with_auth" time="0.962" /><testcase classname="backend.tests.test_integrations.TestAdminEndpoints" name="test_admin_stats_requires_admin_role" time="0.084" /><testcase classname="backend.tests.test_integrations.TestAdminEndpoints" name="test_admin_users_requires_admin_role" time="0.441" /></testsuite></testsuites>