<?xml version="1.0" encoding="utf-8"?><testsuites name="pytest tests"><testsuite name="pytest" errors="0" failures="0" skipped="0" tests="13" time="3.022" timestamp="2026-02-19T23:43:07.178747+00:00" hostname="agent-env-80a7cbe4-2250-4ae8-bebb-f5bd8616e1ff"><testcase classname="tests.test_integrations.TestHealthEndpoint" name="test_health_check" time="0.304" /><testcase classname="tests.test_integrations.TestAuthEndpoints" name="test_auth_me_without_token" time="0.070" /><testcase classname="tests.test_integrations.TestAuthEndpoints" name="test_auth_me_with_valid_token" time="0.495" /><testcase classname="tests.test_integrations.TestCloudinaryIntegration" name="test_cloudinary_signature_requires_auth" time="0.084" /><testcase classname="tests.test_integrations.TestCloudinaryIntegration" name="test_cloudinary_signature_image" time="0.058" /><testcase classname="tests.test_integrations.TestCloudinaryIntegration" name="test_cloudinary_signature_video" time="0.058" /><testcase classname="tests.test_integrations.TestCloudinaryIntegration" name="test_cloudinary_signature_folder_prefix" time="0.062" /><testcase classname="tests.test_integrations.TestProjectCreation" name="test_project_creation" time="0.093" /><testcase classname="tests.test_integrations.TestProjectCreation" name="test_get_projects" time="0.069" /><testcase classname="tests.test_integrations.TestPaymentEndpoints" name="test_payment_create_order_requires_auth" time="0.062" /><testcase classname="tests.test_integrations.TestPaymentEndpoints" name="test_payment_create_order_with_auth" time="1.043" /><testcase classname="tests.test_integrations.TestAdminEndpoints" name="test_admin_stats_requires_admin_role" time="0.063" /><testcase classname="tests.test_integrations.TestAdminEndpoints" name="test_admin_users_requires_admin_role" time="0.483" /></testsuite></testsuites>